<?xml version="1.0" encoding="UTF-8"?>
<!-- Generated by org.testng.reporters.JUnitReportReporter -->
<testsuite hostname="DESKTOP-AD12PNJ" failures="0" tests="4" name="hust.cs.javacourse.search.index.TermTupleTest" time="0.000" errors="0" timestamp="16 4æœˆ 2021 13:36:48 GMT" skipped="0">
  <testcase classname="hust.cs.javacourse.search.index.TermTupleTest" name="testTestEquals" time="0.000"/>
  <testcase classname="hust.cs.javacourse.search.index.TermTupleTest" name="testTestEquals" time="0.000"/>
  <testcase classname="hust.cs.javacourse.search.index.TermTupleTest" name="testTestEquals" time="0.000"/>
  <testcase classname="hust.cs.javacourse.search.index.TermTupleTest" name="testTestToString" time="0.000"/>
</testsuite> <!-- hust.cs.javacourse.search.index.TermTupleTest -->
