<?xml version="1.0" encoding="UTF-8"?>
<!-- Generated by org.testng.reporters.JUnitReportReporter -->
<testsuite hostname="DESKTOP-FFEL2UG" failures="0" tests="4" name="hust.cs.javacourse.search.index.TermTupleTest" time="0.011" errors="0" timestamp="06 4æœˆ 2021 16:54:43 GMT" skipped="0">
  <testcase classname="hust.cs.javacourse.search.index.TermTupleTest" name="testTestEquals" time="0.001"/>
  <testcase classname="hust.cs.javacourse.search.index.TermTupleTest" name="testTestEquals" time="0.000"/>
  <testcase classname="hust.cs.javacourse.search.index.TermTupleTest" name="testTestEquals" time="0.000"/>
  <testcase classname="hust.cs.javacourse.search.index.TermTupleTest" name="testTestToString" time="0.010"/>
</testsuite> <!-- hust.cs.javacourse.search.index.TermTupleTest -->
