<?xml version="1.0" encoding="UTF-8"?>
<!-- Generated by org.testng.reporters.JUnitReportReporter -->
<testsuite hostname="DESKTOP-FFEL2UG" failures="0" tests="17" name="hust.cs.javacourse.search.index.PostingListTest" time="0.036" errors="0" timestamp="06 4æœˆ 2021 16:54:43 GMT" skipped="0">
  <testcase classname="hust.cs.javacourse.search.index.PostingListTest" name="testIsEmpty" time="0.000"/>
  <testcase classname="hust.cs.javacourse.search.index.PostingListTest" name="testTestToString" time="0.005"/>
  <testcase classname="hust.cs.javacourse.search.index.PostingListTest" name="testClear" time="0.000"/>
  <testcase classname="hust.cs.javacourse.search.index.PostingListTest" name="testReadObject" time="0.006"/>
  <testcase classname="hust.cs.javacourse.search.index.PostingListTest" name="testIsEmpty" time="0.000"/>
  <testcase classname="hust.cs.javacourse.search.index.PostingListTest" name="testSize" time="0.000"/>
  <testcase classname="hust.cs.javacourse.search.index.PostingListTest" name="testIndexOf" time="0.001"/>
  <testcase classname="hust.cs.javacourse.search.index.PostingListTest" name="testGet" time="0.000"/>
  <testcase classname="hust.cs.javacourse.search.index.PostingListTest" name="testRemove" time="0.000"/>
  <testcase classname="hust.cs.javacourse.search.index.PostingListTest" name="testTestIndexOf" time="0.000"/>
  <testcase classname="hust.cs.javacourse.search.index.PostingListTest" name="testWriteObject" time="0.021"/>
  <testcase classname="hust.cs.javacourse.search.index.PostingListTest" name="testContains" time="0.000"/>
  <testcase classname="hust.cs.javacourse.search.index.PostingListTest" name="testTestRemove" time="0.001"/>
  <testcase classname="hust.cs.javacourse.search.index.PostingListTest" name="testAdd" time="0.001"/>
  <testcase classname="hust.cs.javacourse.search.index.PostingListTest" name="testSort" time="0.001"/>
  <testcase classname="hust.cs.javacourse.search.index.PostingListTest" name="testTestAdd" time="0.000"/>
  <testcase classname="hust.cs.javacourse.search.index.PostingListTest" name="testSize" time="0.000"/>
</testsuite> <!-- hust.cs.javacourse.search.index.PostingListTest -->
