<?xml version="1.0" encoding="UTF-8"?>
<!-- Generated by org.testng.reporters.JUnitReportReporter -->
<testsuite hostname="DESKTOP-AD12PNJ" failures="0" tests="2" name="hust.cs.javacourse.search.parse.PatternTermTupleFilterTest" time="0.016" errors="0" timestamp="16 4æœˆ 2021 13:36:48 GMT" skipped="0">
  <testcase classname="hust.cs.javacourse.search.parse.PatternTermTupleFilterTest" name="testNext" time="0.000"/>
  <testcase classname="hust.cs.javacourse.search.parse.PatternTermTupleFilterTest" name="testNext" time="0.016"/>
</testsuite> <!-- hust.cs.javacourse.search.parse.PatternTermTupleFilterTest -->
