<?xml version="1.0" encoding="UTF-8"?>
<!-- Generated by org.testng.reporters.JUnitReportReporter -->
<testsuite hostname="DESKTOP-AD12PNJ" failures="0" tests="2" name="hust.cs.javacourse.search.parse.TermTupleScannerTest" time="0.007" errors="0" timestamp="05 4æœˆ 2021 14:13:59 GMT" skipped="0">
  <testcase classname="hust.cs.javacourse.search.parse.TermTupleScannerTest" name="testNext" time="0.006"/>
  <testcase classname="hust.cs.javacourse.search.parse.TermTupleScannerTest" name="testNext" time="0.001"/>
</testsuite> <!-- hust.cs.javacourse.search.parse.TermTupleScannerTest -->
