<?xml version="1.0" encoding="UTF-8"?>
<!-- Generated by org.testng.reporters.JUnitReportReporter -->
<testsuite hostname="DESKTOP-FFEL2UG" failures="0" tests="10" name="hust.cs.javacourse.search.index.IndexTest" time="0.034" errors="0" timestamp="05 4æœˆ 2021 05:13:18 GMT" skipped="0">
  <testcase classname="hust.cs.javacourse.search.index.IndexTest" name="testTestToString" time="0.001"/>
  <testcase classname="hust.cs.javacourse.search.index.IndexTest" name="testAddDocument" time="0.000"/>
  <testcase classname="hust.cs.javacourse.search.index.IndexTest" name="testSave" time="0.008"/>
  <testcase classname="hust.cs.javacourse.search.index.IndexTest" name="testReadObject" time="0.007"/>
  <testcase classname="hust.cs.javacourse.search.index.IndexTest" name="testLoad" time="0.011"/>
  <testcase classname="hust.cs.javacourse.search.index.IndexTest" name="testSearch" time="0.000"/>
  <testcase classname="hust.cs.javacourse.search.index.IndexTest" name="testGetDocName" time="0.000"/>
  <testcase classname="hust.cs.javacourse.search.index.IndexTest" name="testWriteObject" time="0.007"/>
  <testcase classname="hust.cs.javacourse.search.index.IndexTest" name="testGetDictionary" time="0.000"/>
  <testcase classname="hust.cs.javacourse.search.index.IndexTest" name="testOptimize" time="0.000"/>
</testsuite> <!-- hust.cs.javacourse.search.index.IndexTest -->
